<?xml version="1.0" encoding="UTF-8"?>
<testsuite name="com.adventure.sprint3.S3M3Test" tests="7" skipped="0" failures="0" errors="0" timestamp="2021-10-20T23:14:18" hostname="DESKTOP-G94NSIT" time="0.499">
  <properties/>
  <testcase name="testOmniDoorKey()" classname="com.adventure.sprint3.S3M3Test" time="0.024"/>
  <testcase name="testPrintItemsCommand()" classname="com.adventure.sprint3.S3M3Test" time="0.459"/>
  <testcase name="testBackpackAddRemoveItem()" classname="com.adventure.sprint3.S3M3Test" time="0.003"/>
  <testcase name="testBackpackLimit()" classname="com.adventure.sprint3.S3M3Test" time="0.005"/>
  <testcase name="testBackpackViaPlayer()" classname="com.adventure.sprint3.S3M3Test" time="0.003"/>
  <testcase name="testPrintBackpack()" classname="com.adventure.sprint3.S3M3Test" time="0.0"/>
  <testcase name="testOmniDoorRandomGeneration()" classname="com.adventure.sprint3.S3M3Test" time="0.0"/>
  <system-out><![CDATA[]]></system-out>
  <system-err><![CDATA[]]></system-err>
</testsuite>
