<?xml version="1.0" encoding="UTF-8"?>
<testsuite name="com.adventure.sprint1.S1M2Test" tests="1" skipped="0" failures="0" errors="0" timestamp="2021-09-29T20:06:28" hostname="DESKTOP-G94NSIT" time="0.03">
  <properties/>
  <testcase name="smokeTest()" classname="com.adventure.sprint1.S1M2Test" time="0.03"/>
  <system-out><![CDATA[]]></system-out>
  <system-err><![CDATA[]]></system-err>
</testsuite>
